<?xml version="1.0" encoding="UTF-8"?>
<!-- Generated by org.testng.reporters.JUnitXMLReporter -->
<testsuite hostname="DESKTOP-VMLORVT" ignored="0" name="Test" tests="1" failures="1" timestamp="26 Jul 2018 02:14:34 GMT" time="74.942" errors="0">
  <testcase name="InvalidLogin" time="1.678" classname="script.TestScript">
    <failure type="java.lang.AssertionError" message="null">
      <![CDATA[java.lang.AssertionError: null
at script.TestScript.InvalidLogin(TestScript.java:34)
... Removed 27 stack frames]]>
    </failure>
  </testcase> <!-- InvalidLogin -->
</testsuite> <!-- Test -->
